This is pdfTeX, Version 3.1415926-1.40.10 (TeX Live 2009/Debian) (format=latex 2011.12.14)  3 FEB 2012 17:57
entering extended mode
 %&-line parsing enabled.
**hmwk2.tex
(./hmwk2.tex
LaTeX2e <2009/09/24>
Babel <v3.8l> and hyphenation patterns for english, usenglishmax, dumylang, noh
yphenation, farsi, arabic, croatian, bulgarian, ukrainian, russian, czech, slov
ak, danish, dutch, finnish, french, basque, ngerman, german, german-x-2009-06-1
9, ngerman-x-2009-06-19, ibycus, monogreek, greek, ancientgreek, hungarian, san
skrit, italian, latin, latvian, lithuanian, mongolian2a, mongolian, bokmal, nyn
orsk, romanian, irish, coptic, serbian, turkish, welsh, esperanto, uppersorbian
, estonian, indonesian, interlingua, icelandic, kurmanji, slovenian, polish, po
rtuguese, spanish, galician, catalan, swedish, ukenglish, pinyin, loaded.
(/usr/share/texmf-texlive/tex/latex/base/article.cls
Document Class: article 2007/10/19 v1.4h Standard LaTeX document class
(/usr/share/texmf-texlive/tex/latex/base/size12.clo
File: size12.clo 2007/10/19 v1.4h Standard LaTeX file (size option)
)
\c@part=\count79
\c@section=\count80
\c@subsection=\count81
\c@subsubsection=\count82
\c@paragraph=\count83
\c@subparagraph=\count84
\c@figure=\count85
\c@table=\count86
\abovecaptionskip=\skip41
\belowcaptionskip=\skip42
\bibindent=\dimen102
)
(/usr/share/texmf-texlive/tex/latex/amsmath/amsmath.sty
Package: amsmath 2000/07/18 v2.13 AMS math features
\@mathmargin=\skip43

For additional information on amsmath, use the `?' option.
(/usr/share/texmf-texlive/tex/latex/amsmath/amstext.sty
Package: amstext 2000/06/29 v2.01

(/usr/share/texmf-texlive/tex/latex/amsmath/amsgen.sty
File: amsgen.sty 1999/11/30 v2.0
\@emptytoks=\toks14
\ex@=\dimen103
))
(/usr/share/texmf-texlive/tex/latex/amsmath/amsbsy.sty
Package: amsbsy 1999/11/29 v1.2d
\pmbraise@=\dimen104
)
(/usr/share/texmf-texlive/tex/latex/amsmath/amsopn.sty
Package: amsopn 1999/12/14 v2.01 operator names
)
\inf@bad=\count87
LaTeX Info: Redefining \frac on input line 211.
\uproot@=\count88
\leftroot@=\count89
LaTeX Info: Redefining \overline on input line 307.
\classnum@=\count90
\DOTSCASE@=\count91
LaTeX Info: Redefining \ldots on input line 379.
LaTeX Info: Redefining \dots on input line 382.
LaTeX Info: Redefining \cdots on input line 467.
\Mathstrutbox@=\box26
\strutbox@=\box27
\big@size=\dimen105
LaTeX Font Info:    Redeclaring font encoding OML on input line 567.
LaTeX Font Info:    Redeclaring font encoding OMS on input line 568.
\macc@depth=\count92
\c@MaxMatrixCols=\count93
\dotsspace@=\muskip10
\c@parentequation=\count94
\dspbrk@lvl=\count95
\tag@help=\toks15
\row@=\count96
\column@=\count97
\maxfields@=\count98
\andhelp@=\toks16
\eqnshift@=\dimen106
\alignsep@=\dimen107
\tagshift@=\dimen108
\tagwidth@=\dimen109
\totwidth@=\dimen110
\lineht@=\dimen111
\@envbody=\toks17
\multlinegap=\skip44
\multlinetaggap=\skip45
\mathdisplay@stack=\toks18
LaTeX Info: Redefining \[ on input line 2666.
LaTeX Info: Redefining \] on input line 2667.
)
(/usr/share/texmf-texlive/tex/latex/graphics/graphicx.sty
Package: graphicx 1999/02/16 v1.0f Enhanced LaTeX Graphics (DPC,SPQR)

(/usr/share/texmf-texlive/tex/latex/graphics/keyval.sty
Package: keyval 1999/03/16 v1.13 key=value parser (DPC)
\KV@toks@=\toks19
)
(/usr/share/texmf-texlive/tex/latex/graphics/graphics.sty
Package: graphics 2009/02/05 v1.0o Standard LaTeX Graphics (DPC,SPQR)

(/usr/share/texmf-texlive/tex/latex/graphics/trig.sty
Package: trig 1999/03/16 v1.09 sin cos tan (DPC)
)
(/etc/texmf/tex/latex/config/graphics.cfg
File: graphics.cfg 2009/08/28 v1.8 graphics configuration of TeX Live
)
Package graphics Info: Driver file: dvips.def on input line 91.

(/usr/share/texmf-texlive/tex/latex/graphics/dvips.def
File: dvips.def 1999/02/16 v3.0i Driver-dependant file (DPC,SPQR)
))
\Gin@req@height=\dimen112
\Gin@req@width=\dimen113
)
(/usr/share/texmf-texlive/tex/latex/tools/verbatim.sty
Package: verbatim 2003/08/22 v1.5q LaTeX2e package for verbatim enhancements
\every@verbatim=\toks20
\verbatim@line=\toks21
\verbatim@in@stream=\read1
)
No file hmwk2.aux.
\openout1 = `hmwk2.aux'.

LaTeX Font Info:    Checking defaults for OML/cmm/m/it on input line 10.
LaTeX Font Info:    ... okay on input line 10.
LaTeX Font Info:    Checking defaults for T1/cmr/m/n on input line 10.
LaTeX Font Info:    ... okay on input line 10.
LaTeX Font Info:    Checking defaults for OT1/cmr/m/n on input line 10.
LaTeX Font Info:    ... okay on input line 10.
LaTeX Font Info:    Checking defaults for OMS/cmsy/m/n on input line 10.
LaTeX Font Info:    ... okay on input line 10.
LaTeX Font Info:    Checking defaults for OMX/cmex/m/n on input line 10.
LaTeX Font Info:    ... okay on input line 10.
LaTeX Font Info:    Checking defaults for U/cmr/m/n on input line 10.
LaTeX Font Info:    ... okay on input line 10.

Overfull \hbox (7.24167pt too wide) in paragraph at lines 21--25
[]\OT1/cmr/m/n/12 Disregarding the ef-fects of all the other vari-ables, de-ter
-mine whether
 []

LaTeX Font Info:    Try loading font information for OMS+cmr on input line 27.
(/usr/share/texmf-texlive/tex/latex/base/omscmr.fd
File: omscmr.fd 1999/05/25 v2.5h Standard LaTeX font definitions
)
LaTeX Font Info:    Font shape `OMS/cmr/m/n' in size <12> not available
(Font)              Font shape `OMS/cmsy/m/n' tried instead on input line 27.

Overfull \hbox (3.12921pt too wide) in paragraph at lines 34--36
[]\OT1/cmr/m/n/12 Determine whether there is a sig-nif-i-cant as-so-ci-a-tion b
e-tween weight
 []

[1

]
Overfull \hbox (72.77458pt too wide) in paragraph at lines 60--60
 []\OT1/cmtt/m/n/12 alternative hypothesis: true difference in means is not equ
al to 0[] 
 []


Overfull \hbox (41.89957pt too wide) in paragraph at lines 82--82
 []\OT1/cmtt/m/n/12 alternative hypothesis: true location shift is not equal to
 0[] 
 []


Underfull \hbox (badness 10000) in paragraph at lines 99--100

 []

[2]
File: hist_control.eps Graphic file (type eps)
 <hist_control.eps>
File: hist_active.eps Graphic file (type eps)
 <hist_active.eps>
Overfull \hbox (16.52519pt too wide) in paragraph at lines 145--151
\OT1/cmr/m/n/12 con-trol group is ap-prox-i-mately nor-mally dis-tributed ($\OM
L/cmm/m/it/12 p \OMS/cmsy/m/n/12 ^^@ \OML/cmm/m/it/12 value[] \OT1/cmr/m/n/12 =

 []

[3] [4]
Overfull \hbox (4.23892pt too wide) in paragraph at lines 178--181
\OT1/cmr/m/n/12 Bootstrap as-sumes nor-mal-ity and in-de-pen-dent, same as two-
sample
 []

[5]
Overfull \hbox (23.37456pt too wide) in paragraph at lines 196--196
 []\OT1/cmtt/m/n/12 alternative hypothesis: true correlation is not equal to 0[
] 
 []

[6]
File: hmwk2.r  (verbatim)

Overfull \hbox (29.9002pt too wide) in paragraph at lines 240--240
[]\OT1/cmtt/m/n/12 postscript(file="~/Documents/LaTeX/stat4201-hmwk2/hist_contr
ol.eps",[] 
 []


Overfull \hbox (23.7252pt too wide) in paragraph at lines 240--240
[]\OT1/cmtt/m/n/12 postscript(file="~/Documents/LaTeX/stat4201-hmwk2/hist_activ
e.eps",[] 
 []

[7]
Overfull \hbox (11.3752pt too wide) in paragraph at lines 240--240
[]  \OT1/cmtt/m/n/12 # group size. But all in all, this makes the sample sizes 
tends[] 
 []


Overfull \hbox (42.25021pt too wide) in paragraph at lines 240--240
[]  \OT1/cmtt/m/n/12 # to be identical, it will increase accuracy a little. So 
basically,[] 
 []

[8] (./hmwk2.aux)

LaTeX Warning: Label(s) may have changed. Rerun to get cross-references right.

 ) 
Here is how much of TeX's memory you used:
 1193 strings out of 493849
 13889 string characters out of 1152845
 68620 words of memory out of 3000000
 4499 multiletter control sequences out of 15000+50000
 9488 words of font info for 35 fonts, out of 3000000 for 9000
 714 hyphenation exceptions out of 8191
 27i,7n,21p,229b,400s stack positions out of 5000i,500n,10000p,200000b,50000s

Output written on hmwk2.dvi (8 pages, 12024 bytes).
